#
# There is insufficient memory for the Java Runtime Environment to continue.
# Native memory allocation (malloc) failed to allocate 1316320 bytes for Chunk::new
# Possible reasons:
#   The system is out of physical RAM or swap space
#   The process is running with CompressedOops enabled, and the Java Heap may be blocking the growth of the native heap
# Possible solutions:
#   Reduce memory load on the system
#   Increase physical memory or swap space
#   Check if swap backing store is full
#   Decrease Java heap size (-Xmx/-Xms)
#   Decrease number of Java threads
#   Decrease Java thread stack sizes (-Xss)
#   Set larger code cache with -XX:ReservedCodeCacheSize=
#   JVM is running with Unscaled Compressed Oops mode in which the Java heap is
#     placed in the first 4GB address space. The Java Heap base address is the
#     maximum limit for the native heap growth. Please use -XX:HeapBaseMinAddress
#     to set the Java Heap base and to place the Java Heap above 4GB virtual address.
# This output file may be truncated or incomplete.
#
#  Out of Memory Error (arena.cpp:189), pid=8436, tid=31604
#
# JRE version: Java(TM) SE Runtime Environment (17.0.2+8) (build 17.0.2+8-LTS-86)
# Java VM: Java HotSpot(TM) 64-Bit Server VM (17.0.2+8-LTS-86, mixed mode, sharing, tiered, compressed oops, compressed class ptrs, g1 gc, windows-amd64)
# No core dump will be written. Minidumps are not enabled by default on client versions of Windows
#

---------------  S U M M A R Y ------------

Command Line: -ea -Didea.test.cyclic.buffer.size=1048576 -javaagent:D:\Document\IntelliJ IDEA\IntelliJ IDEA Community Edition 2024.3.1.1\lib\idea_rt.jar=55338:D:\Document\IntelliJ IDEA\IntelliJ IDEA Community Edition 2024.3.1.1\bin -javaagent:C:\Users\diana\AppData\Local\JetBrains\IdeaIC2024.3\captureAgent\debugger-agent.jar -Dkotlinx.coroutines.debug.enable.creation.stack.trace=false -Ddebugger.agent.enable.coroutines=true -Dkotlinx.coroutines.debug.enable.flows.stack.trace=true -Dkotlinx.coroutines.debug.enable.mutable.state.flows.stack.trace=true -Dfile.encoding=UTF-8 com.intellij.rt.testng.RemoteTestNGStarter -usedefaultlisteners false -socket55337 @w@C:\Users\diana\AppData\Local\Temp\idea_working_dirs_testng.tmp -temp C:\Users\diana\AppData\Local\Temp\idea_testng.tmp

Host: 11th Gen Intel(R) Core(TM) i5-11300H @ 3.10GHz, 8 cores, 7G,  Windows 11 , 64 bit Build 22621 (10.0.22621.4391)
Time: Thu Feb  6 14:15:40 2025 SE Asia Standard Time elapsed time: 0.990747 seconds (0d 0h 0m 0s)

---------------  T H R E A D  ---------------

Current thread (0x000001f7df1b9640):  JavaThread "C2 CompilerThread1" daemon [_thread_in_native, id=31604, stack(0x00000064c9a00000,0x00000064c9b00000)]


Current CompileTask:
C2:    990 1132       4       jdk.internal.org.objectweb.asm.Frame::execute (2305 bytes)

Stack: [0x00000064c9a00000,0x00000064c9b00000]
Native frames: (J=compiled Java code, j=interpreted, Vv=VM code, C=native code)
V  [jvm.dll+0x670baa]
V  [jvm.dll+0x7cfcb4]
V  [jvm.dll+0x7d145e]
V  [jvm.dll+0x7d1ac3]
V  [jvm.dll+0x242bc5]
V  [jvm.dll+0xaa57b]
V  [jvm.dll+0xaab0c]
V  [jvm.dll+0x35fd07]
V  [jvm.dll+0x1b9b68]
V  [jvm.dll+0x215de9]
V  [jvm.dll+0x2150b1]
V  [jvm.dll+0x1a1bbd]
V  [jvm.dll+0x224908]
V  [jvm.dll+0x222a6c]
V  [jvm.dll+0x7859bb]
V  [jvm.dll+0x77ff7a]
V  [jvm.dll+0x66fa35]
C  [ucrtbase.dll+0x29333]
C  [KERNEL32.DLL+0x1259d]
C  [ntdll.dll+0x5af38]


---------------  P R O C E S S  ---------------

Threads class SMR info:
_java_thread_list=0x000001f7df3582f0, length=14, elements={
0x000001f7be4e3b30, 0x000001f7de41b740, 0x000001f7de41c200, 0x000001f7de430b30,
0x000001f7de4315f0, 0x000001f7de4363d0, 0x000001f7de437ca0, 0x000001f7de438890,
0x000001f7de443a10, 0x000001f7de450750, 0x000001f7de40aee0, 0x000001f7df160630,
0x000001f7df24cc60, 0x000001f7df1b9640
}

Java Threads: ( => current thread )
  0x000001f7be4e3b30 JavaThread "main" [_thread_in_vm, id=22744, stack(0x00000064c8600000,0x00000064c8700000)]
  0x000001f7de41b740 JavaThread "Reference Handler" daemon [_thread_blocked, id=28852, stack(0x00000064c8d00000,0x00000064c8e00000)]
  0x000001f7de41c200 JavaThread "Finalizer" daemon [_thread_blocked, id=30332, stack(0x00000064c8e00000,0x00000064c8f00000)]
  0x000001f7de430b30 JavaThread "Signal Dispatcher" daemon [_thread_blocked, id=31408, stack(0x00000064c8f00000,0x00000064c9000000)]
  0x000001f7de4315f0 JavaThread "Attach Listener" daemon [_thread_blocked, id=31244, stack(0x00000064c9000000,0x00000064c9100000)]
  0x000001f7de4363d0 JavaThread "Service Thread" daemon [_thread_blocked, id=31200, stack(0x00000064c9100000,0x00000064c9200000)]
  0x000001f7de437ca0 JavaThread "Monitor Deflation Thread" daemon [_thread_blocked, id=30972, stack(0x00000064c9200000,0x00000064c9300000)]
  0x000001f7de438890 JavaThread "C2 CompilerThread0" daemon [_thread_in_native, id=31728, stack(0x00000064c9300000,0x00000064c9400000)]
  0x000001f7de443a10 JavaThread "C1 CompilerThread0" daemon [_thread_blocked, id=27644, stack(0x00000064c9400000,0x00000064c9500000)]
  0x000001f7de450750 JavaThread "Sweeper thread" daemon [_thread_blocked, id=31204, stack(0x00000064c9500000,0x00000064c9600000)]
  0x000001f7de40aee0 JavaThread "Common-Cleaner" daemon [_thread_blocked, id=13820, stack(0x00000064c9600000,0x00000064c9700000)]
  0x000001f7df160630 JavaThread "Monitor Ctrl-Break" daemon [_thread_in_native, id=26676, stack(0x00000064c9700000,0x00000064c9800000)]
  0x000001f7df24cc60 JavaThread "Notification Thread" daemon [_thread_blocked, id=31460, stack(0x00000064c9800000,0x00000064c9900000)]
=>0x000001f7df1b9640 JavaThread "C2 CompilerThread1" daemon [_thread_in_native, id=31604, stack(0x00000064c9a00000,0x00000064c9b00000)]

Other Threads:
  0x000001f7de417da0 VMThread "VM Thread" [stack: 0x00000064c8c00000,0x00000064c8d00000] [id=10688]
  0x000001f7df24c0c0 WatcherThread [stack: 0x00000064c9900000,0x00000064c9a00000] [id=24112]
  0x000001f7be524a20 GCTaskThread "GC Thread#0" [stack: 0x00000064c8700000,0x00000064c8800000] [id=12304]
  0x000001f7de426010 GCTaskThread "GC Thread#1" [stack: 0x00000064c9b00000,0x00000064c9c00000] [id=29820]
  0x000001f7de4262c0 GCTaskThread "GC Thread#2" [stack: 0x00000064c9c00000,0x00000064c9d00000] [id=11448]
  0x000001f7de427840 GCTaskThread "GC Thread#3" [stack: 0x00000064c9d00000,0x00000064c9e00000] [id=29960]
  0x000001f7de426570 GCTaskThread "GC Thread#4" [stack: 0x00000064c9e00000,0x00000064c9f00000] [id=17952]
  0x000001f7de426d80 GCTaskThread "GC Thread#5" [stack: 0x00000064c9f00000,0x00000064ca000000] [id=17760]
  0x000001f7de427030 GCTaskThread "GC Thread#6" [stack: 0x00000064ca000000,0x00000064ca100000] [id=30636]
  0x000001f7e02e47b0 GCTaskThread "GC Thread#7" [stack: 0x00000064ca100000,0x00000064ca200000] [id=31668]
  0x000001f7be535fc0 ConcurrentGCThread "G1 Main Marker" [stack: 0x00000064c8800000,0x00000064c8900000] [id=30156]
  0x000001f7be537080 ConcurrentGCThread "G1 Conc#0" [stack: 0x00000064c8900000,0x00000064c8a00000] [id=31456]
  0x000001f7be59e020 ConcurrentGCThread "G1 Refine#0" [stack: 0x00000064c8a00000,0x00000064c8b00000] [id=6504]
  0x000001f7be59e950 ConcurrentGCThread "G1 Service" [stack: 0x00000064c8b00000,0x00000064c8c00000] [id=19232]

Threads with active compile tasks:
C2 CompilerThread0     1011 1477       4       java.util.HashMap$EntryIterator::next (5 bytes)
C2 CompilerThread1     1011 1132       4       jdk.internal.org.objectweb.asm.Frame::execute (2305 bytes)

VM state: not at safepoint (normal execution)

VM Mutex/Monitor currently owned by a thread: None

Heap address: 0x0000000083e00000, size: 1986 MB, Compressed Oops mode: 32-bit

CDS archive(s) mapped at: [0x0000000800000000-0x0000000800bc0000-0x0000000800bc0000), size 12320768, SharedBaseAddress: 0x0000000800000000, ArchiveRelocationMode: 0.
Compressed class space mapped at: 0x0000000800c00000-0x0000000840c00000, reserved size: 1073741824
Narrow klass base: 0x0000000800000000, Narrow klass shift: 0, Narrow klass range: 0x100000000

GC Precious Log:
 CPUs: 8 total, 8 available
 Memory: 7937M
 Large Page Support: Disabled
 NUMA Support: Disabled
 Compressed Oops: Enabled (32-bit)
 Heap Region Size: 1M
 Heap Min Capacity: 8M
 Heap Initial Capacity: 126M
 Heap Max Capacity: 1986M
 Pre-touch: Disabled
 Parallel Workers: 8
 Concurrent Workers: 2
 Concurrent Refinement Workers: 8
 Periodic GC: Disabled

Heap:
 garbage-first heap   total 129024K, used 14933K [0x0000000083e00000, 0x0000000100000000)
  region size 1024K, 13 young (13312K), 3 survivors (3072K)
 Metaspace       used 10733K, committed 10944K, reserved 1064960K
  class space    used 1180K, committed 1280K, reserved 1048576K

Heap Regions: E=young(eden), S=young(survivor), O=old, HS=humongous(starts), HC=humongous(continues), CS=collection set, F=free, OA=open archive, CA=closed archive, TAMS=top-at-mark-start (previous, next)
|   0|0x0000000083e00000, 0x0000000083f00000, 0x0000000083f00000|100%|HS|  |TAMS 0x0000000083e00000, 0x0000000083e00000| Complete 
|   1|0x0000000083f00000, 0x0000000084000000, 0x0000000084000000|100%| O|  |TAMS 0x0000000083f00000, 0x0000000083f00000| Untracked 
|   2|0x0000000084000000, 0x0000000084095600, 0x0000000084100000| 58%| O|  |TAMS 0x0000000084000000, 0x0000000084000000| Untracked 
|   3|0x0000000084100000, 0x0000000084100000, 0x0000000084200000|  0%| F|  |TAMS 0x0000000084100000, 0x0000000084100000| Untracked 
|   4|0x0000000084200000, 0x0000000084200000, 0x0000000084300000|  0%| F|  |TAMS 0x0000000084200000, 0x0000000084200000| Untracked 
|   5|0x0000000084300000, 0x0000000084300000, 0x0000000084400000|  0%| F|  |TAMS 0x0000000084300000, 0x0000000084300000| Untracked 
|   6|0x0000000084400000, 0x0000000084400000, 0x0000000084500000|  0%| F|  |TAMS 0x0000000084400000, 0x0000000084400000| Untracked 
|   7|0x0000000084500000, 0x0000000084500000, 0x0000000084600000|  0%| F|  |TAMS 0x0000000084500000, 0x0000000084500000| Untracked 
|   8|0x0000000084600000, 0x0000000084600000, 0x0000000084700000|  0%| F|  |TAMS 0x0000000084600000, 0x0000000084600000| Untracked 
|   9|0x0000000084700000, 0x0000000084700000, 0x0000000084800000|  0%| F|  |TAMS 0x0000000084700000, 0x0000000084700000| Untracked 
|  10|0x0000000084800000, 0x0000000084800000, 0x0000000084900000|  0%| F|  |TAMS 0x0000000084800000, 0x0000000084800000| Untracked 
|  11|0x0000000084900000, 0x0000000084900000, 0x0000000084a00000|  0%| F|  |TAMS 0x0000000084900000, 0x0000000084900000| Untracked 
|  12|0x0000000084a00000, 0x0000000084a00000, 0x0000000084b00000|  0%| F|  |TAMS 0x0000000084a00000, 0x0000000084a00000| Untracked 
|  13|0x0000000084b00000, 0x0000000084b00000, 0x0000000084c00000|  0%| F|  |TAMS 0x0000000084b00000, 0x0000000084b00000| Untracked 
|  14|0x0000000084c00000, 0x0000000084c00000, 0x0000000084d00000|  0%| F|  |TAMS 0x0000000084c00000, 0x0000000084c00000| Untracked 
|  15|0x0000000084d00000, 0x0000000084d00000, 0x0000000084e00000|  0%| F|  |TAMS 0x0000000084d00000, 0x0000000084d00000| Untracked 
|  16|0x0000000084e00000, 0x0000000084e00000, 0x0000000084f00000|  0%| F|  |TAMS 0x0000000084e00000, 0x0000000084e00000| Untracked 
|  17|0x0000000084f00000, 0x0000000084f00000, 0x0000000085000000|  0%| F|  |TAMS 0x0000000084f00000, 0x0000000084f00000| Untracked 
|  18|0x0000000085000000, 0x0000000085000000, 0x0000000085100000|  0%| F|  |TAMS 0x0000000085000000, 0x0000000085000000| Untracked 
|  19|0x0000000085100000, 0x0000000085100000, 0x0000000085200000|  0%| F|  |TAMS 0x0000000085100000, 0x0000000085100000| Untracked 
|  20|0x0000000085200000, 0x0000000085200000, 0x0000000085300000|  0%| F|  |TAMS 0x0000000085200000, 0x0000000085200000| Untracked 
|  21|0x0000000085300000, 0x0000000085300000, 0x0000000085400000|  0%| F|  |TAMS 0x0000000085300000, 0x0000000085300000| Untracked 
|  22|0x0000000085400000, 0x0000000085400000, 0x0000000085500000|  0%| F|  |TAMS 0x0000000085400000, 0x0000000085400000| Untracked 
|  23|0x0000000085500000, 0x0000000085500000, 0x0000000085600000|  0%| F|  |TAMS 0x0000000085500000, 0x0000000085500000| Untracked 
|  24|0x0000000085600000, 0x0000000085600000, 0x0000000085700000|  0%| F|  |TAMS 0x0000000085600000, 0x0000000085600000| Untracked 
|  25|0x0000000085700000, 0x0000000085700000, 0x0000000085800000|  0%| F|  |TAMS 0x0000000085700000, 0x0000000085700000| Untracked 
|  26|0x0000000085800000, 0x0000000085800000, 0x0000000085900000|  0%| F|  |TAMS 0x0000000085800000, 0x0000000085800000| Untracked 
|  27|0x0000000085900000, 0x0000000085900000, 0x0000000085a00000|  0%| F|  |TAMS 0x0000000085900000, 0x0000000085900000| Untracked 
|  28|0x0000000085a00000, 0x0000000085a00000, 0x0000000085b00000|  0%| F|  |TAMS 0x0000000085a00000, 0x0000000085a00000| Untracked 
|  29|0x0000000085b00000, 0x0000000085b00000, 0x0000000085c00000|  0%| F|  |TAMS 0x0000000085b00000, 0x0000000085b00000| Untracked 
|  30|0x0000000085c00000, 0x0000000085c00000, 0x0000000085d00000|  0%| F|  |TAMS 0x0000000085c00000, 0x0000000085c00000| Untracked 
|  31|0x0000000085d00000, 0x0000000085d00000, 0x0000000085e00000|  0%| F|  |TAMS 0x0000000085d00000, 0x0000000085d00000| Untracked 
|  32|0x0000000085e00000, 0x0000000085e00000, 0x0000000085f00000|  0%| F|  |TAMS 0x0000000085e00000, 0x0000000085e00000| Untracked 
|  33|0x0000000085f00000, 0x0000000085f00000, 0x0000000086000000|  0%| F|  |TAMS 0x0000000085f00000, 0x0000000085f00000| Untracked 
|  34|0x0000000086000000, 0x0000000086000000, 0x0000000086100000|  0%| F|  |TAMS 0x0000000086000000, 0x0000000086000000| Untracked 
|  35|0x0000000086100000, 0x0000000086100000, 0x0000000086200000|  0%| F|  |TAMS 0x0000000086100000, 0x0000000086100000| Untracked 
|  36|0x0000000086200000, 0x0000000086200000, 0x0000000086300000|  0%| F|  |TAMS 0x0000000086200000, 0x0000000086200000| Untracked 
|  37|0x0000000086300000, 0x0000000086300000, 0x0000000086400000|  0%| F|  |TAMS 0x0000000086300000, 0x0000000086300000| Untracked 
|  38|0x0000000086400000, 0x0000000086400000, 0x0000000086500000|  0%| F|  |TAMS 0x0000000086400000, 0x0000000086400000| Untracked 
|  39|0x0000000086500000, 0x0000000086500000, 0x0000000086600000|  0%| F|  |TAMS 0x0000000086500000, 0x0000000086500000| Untracked 
|  40|0x0000000086600000, 0x0000000086600000, 0x0000000086700000|  0%| F|  |TAMS 0x0000000086600000, 0x0000000086600000| Untracked 
|  41|0x0000000086700000, 0x0000000086700000, 0x0000000086800000|  0%| F|  |TAMS 0x0000000086700000, 0x0000000086700000| Untracked 
|  42|0x0000000086800000, 0x0000000086800000, 0x0000000086900000|  0%| F|  |TAMS 0x0000000086800000, 0x0000000086800000| Untracked 
|  43|0x0000000086900000, 0x0000000086900000, 0x0000000086a00000|  0%| F|  |TAMS 0x0000000086900000, 0x0000000086900000| Untracked 
|  44|0x0000000086a00000, 0x0000000086a00000, 0x0000000086b00000|  0%| F|  |TAMS 0x0000000086a00000, 0x0000000086a00000| Untracked 
|  45|0x0000000086b00000, 0x0000000086b00000, 0x0000000086c00000|  0%| F|  |TAMS 0x0000000086b00000, 0x0000000086b00000| Untracked 
|  46|0x0000000086c00000, 0x0000000086c00000, 0x0000000086d00000|  0%| F|  |TAMS 0x0000000086c00000, 0x0000000086c00000| Untracked 
|  47|0x0000000086d00000, 0x0000000086d00000, 0x0000000086e00000|  0%| F|  |TAMS 0x0000000086d00000, 0x0000000086d00000| Untracked 
|  48|0x0000000086e00000, 0x0000000086e00000, 0x0000000086f00000|  0%| F|  |TAMS 0x0000000086e00000, 0x0000000086e00000| Untracked 
|  49|0x0000000086f00000, 0x0000000086f00000, 0x0000000087000000|  0%| F|  |TAMS 0x0000000086f00000, 0x0000000086f00000| Untracked 
|  50|0x0000000087000000, 0x0000000087000000, 0x0000000087100000|  0%| F|  |TAMS 0x0000000087000000, 0x0000000087000000| Untracked 
|  51|0x0000000087100000, 0x0000000087100000, 0x0000000087200000|  0%| F|  |TAMS 0x0000000087100000, 0x0000000087100000| Untracked 
|  52|0x0000000087200000, 0x0000000087200000, 0x0000000087300000|  0%| F|  |TAMS 0x0000000087200000, 0x0000000087200000| Untracked 
|  53|0x0000000087300000, 0x0000000087300000, 0x0000000087400000|  0%| F|  |TAMS 0x0000000087300000, 0x0000000087300000| Untracked 
|  54|0x0000000087400000, 0x0000000087400000, 0x0000000087500000|  0%| F|  |TAMS 0x0000000087400000, 0x0000000087400000| Untracked 
|  55|0x0000000087500000, 0x0000000087500000, 0x0000000087600000|  0%| F|  |TAMS 0x0000000087500000, 0x0000000087500000| Untracked 
|  56|0x0000000087600000, 0x0000000087600000, 0x0000000087700000|  0%| F|  |TAMS 0x0000000087600000, 0x0000000087600000| Untracked 
|  57|0x0000000087700000, 0x0000000087700000, 0x0000000087800000|  0%| F|  |TAMS 0x0000000087700000, 0x0000000087700000| Untracked 
|  58|0x0000000087800000, 0x0000000087800000, 0x0000000087900000|  0%| F|  |TAMS 0x0000000087800000, 0x0000000087800000| Untracked 
|  59|0x0000000087900000, 0x0000000087900000, 0x0000000087a00000|  0%| F|  |TAMS 0x0000000087900000, 0x0000000087900000| Untracked 
|  60|0x0000000087a00000, 0x0000000087a00000, 0x0000000087b00000|  0%| F|  |TAMS 0x0000000087a00000, 0x0000000087a00000| Untracked 
|  61|0x0000000087b00000, 0x0000000087b00000, 0x0000000087c00000|  0%| F|  |TAMS 0x0000000087b00000, 0x0000000087b00000| Untracked 
|  62|0x0000000087c00000, 0x0000000087c00000, 0x0000000087d00000|  0%| F|  |TAMS 0x0000000087c00000, 0x0000000087c00000| Untracked 
|  63|0x0000000087d00000, 0x0000000087d00000, 0x0000000087e00000|  0%| F|  |TAMS 0x0000000087d00000, 0x0000000087d00000| Untracked 
|  64|0x0000000087e00000, 0x0000000087e00000, 0x0000000087f00000|  0%| F|  |TAMS 0x0000000087e00000, 0x0000000087e00000| Untracked 
|  65|0x0000000087f00000, 0x0000000087f00000, 0x0000000088000000|  0%| F|  |TAMS 0x0000000087f00000, 0x0000000087f00000| Untracked 
|  66|0x0000000088000000, 0x0000000088000000, 0x0000000088100000|  0%| F|  |TAMS 0x0000000088000000, 0x0000000088000000| Untracked 
|  67|0x0000000088100000, 0x0000000088100000, 0x0000000088200000|  0%| F|  |TAMS 0x0000000088100000, 0x0000000088100000| Untracked 
|  68|0x0000000088200000, 0x0000000088200000, 0x0000000088300000|  0%| F|  |TAMS 0x0000000088200000, 0x0000000088200000| Untracked 
|  69|0x0000000088300000, 0x0000000088300000, 0x0000000088400000|  0%| F|  |TAMS 0x0000000088300000, 0x0000000088300000| Untracked 
|  70|0x0000000088400000, 0x0000000088400000, 0x0000000088500000|  0%| F|  |TAMS 0x0000000088400000, 0x0000000088400000| Untracked 
|  71|0x0000000088500000, 0x0000000088500000, 0x0000000088600000|  0%| F|  |TAMS 0x0000000088500000, 0x0000000088500000| Untracked 
|  72|0x0000000088600000, 0x0000000088600000, 0x0000000088700000|  0%| F|  |TAMS 0x0000000088600000, 0x0000000088600000| Untracked 
|  73|0x0000000088700000, 0x0000000088700000, 0x0000000088800000|  0%| F|  |TAMS 0x0000000088700000, 0x0000000088700000| Untracked 
|  74|0x0000000088800000, 0x0000000088800000, 0x0000000088900000|  0%| F|  |TAMS 0x0000000088800000, 0x0000000088800000| Untracked 
|  75|0x0000000088900000, 0x0000000088900000, 0x0000000088a00000|  0%| F|  |TAMS 0x0000000088900000, 0x0000000088900000| Untracked 
|  76|0x0000000088a00000, 0x0000000088a00000, 0x0000000088b00000|  0%| F|  |TAMS 0x0000000088a00000, 0x0000000088a00000| Untracked 
|  77|0x0000000088b00000, 0x0000000088b00000, 0x0000000088c00000|  0%| F|  |TAMS 0x0000000088b00000, 0x0000000088b00000| Untracked 
|  78|0x0000000088c00000, 0x0000000088c00000, 0x0000000088d00000|  0%| F|  |TAMS 0x0000000088c00000, 0x0000000088c00000| Untracked 
|  79|0x0000000088d00000, 0x0000000088d00000, 0x0000000088e00000|  0%| F|  |TAMS 0x0000000088d00000, 0x0000000088d00000| Untracked 
|  80|0x0000000088e00000, 0x0000000088e00000, 0x0000000088f00000|  0%| F|  |TAMS 0x0000000088e00000, 0x0000000088e00000| Untracked 
|  81|0x0000000088f00000, 0x0000000088f00000, 0x0000000089000000|  0%| F|  |TAMS 0x0000000088f00000, 0x0000000088f00000| Untracked 
|  82|0x0000000089000000, 0x0000000089000000, 0x0000000089100000|  0%| F|  |TAMS 0x0000000089000000, 0x0000000089000000| Untracked 
|  83|0x0000000089100000, 0x0000000089100000, 0x0000000089200000|  0%| F|  |TAMS 0x0000000089100000, 0x0000000089100000| Untracked 
|  84|0x0000000089200000, 0x0000000089200000, 0x0000000089300000|  0%| F|  |TAMS 0x0000000089200000, 0x0000000089200000| Untracked 
|  85|0x0000000089300000, 0x0000000089300000, 0x0000000089400000|  0%| F|  |TAMS 0x0000000089300000, 0x0000000089300000| Untracked 
|  86|0x0000000089400000, 0x0000000089400000, 0x0000000089500000|  0%| F|  |TAMS 0x0000000089400000, 0x0000000089400000| Untracked 
|  87|0x0000000089500000, 0x0000000089500000, 0x0000000089600000|  0%| F|  |TAMS 0x0000000089500000, 0x0000000089500000| Untracked 
|  88|0x0000000089600000, 0x0000000089600000, 0x0000000089700000|  0%| F|  |TAMS 0x0000000089600000, 0x0000000089600000| Untracked 
|  89|0x0000000089700000, 0x0000000089700000, 0x0000000089800000|  0%| F|  |TAMS 0x0000000089700000, 0x0000000089700000| Untracked 
|  90|0x0000000089800000, 0x0000000089800000, 0x0000000089900000|  0%| F|  |TAMS 0x0000000089800000, 0x0000000089800000| Untracked 
|  91|0x0000000089900000, 0x0000000089900000, 0x0000000089a00000|  0%| F|  |TAMS 0x0000000089900000, 0x0000000089900000| Untracked 
|  92|0x0000000089a00000, 0x0000000089a00000, 0x0000000089b00000|  0%| F|  |TAMS 0x0000000089a00000, 0x0000000089a00000| Untracked 
|  93|0x0000000089b00000, 0x0000000089b00000, 0x0000000089c00000|  0%| F|  |TAMS 0x0000000089b00000, 0x0000000089b00000| Untracked 
|  94|0x0000000089c00000, 0x0000000089c00000, 0x0000000089d00000|  0%| F|  |TAMS 0x0000000089c00000, 0x0000000089c00000| Untracked 
|  95|0x0000000089d00000, 0x0000000089d00000, 0x0000000089e00000|  0%| F|  |TAMS 0x0000000089d00000, 0x0000000089d00000| Untracked 
|  96|0x0000000089e00000, 0x0000000089e00000, 0x0000000089f00000|  0%| F|  |TAMS 0x0000000089e00000, 0x0000000089e00000| Untracked 
|  97|0x0000000089f00000, 0x0000000089f00000, 0x000000008a000000|  0%| F|  |TAMS 0x0000000089f00000, 0x0000000089f00000| Untracked 
|  98|0x000000008a000000, 0x000000008a000000, 0x000000008a100000|  0%| F|  |TAMS 0x000000008a000000, 0x000000008a000000| Untracked 
|  99|0x000000008a100000, 0x000000008a100000, 0x000000008a200000|  0%| F|  |TAMS 0x000000008a100000, 0x000000008a100000| Untracked 
| 100|0x000000008a200000, 0x000000008a300000, 0x000000008a300000|100%| S|CS|TAMS 0x000000008a200000, 0x000000008a200000| Complete 
| 101|0x000000008a300000, 0x000000008a400000, 0x000000008a400000|100%| S|CS|TAMS 0x000000008a300000, 0x000000008a300000| Complete 
| 102|0x000000008a400000, 0x000000008a500000, 0x000000008a500000|100%| S|CS|TAMS 0x000000008a400000, 0x000000008a400000| Complete 
| 103|0x000000008a500000, 0x000000008a500000, 0x000000008a600000|  0%| F|  |TAMS 0x000000008a500000, 0x000000008a500000| Untracked 
| 104|0x000000008a600000, 0x000000008a600000, 0x000000008a700000|  0%| F|  |TAMS 0x000000008a600000, 0x000000008a600000| Untracked 
| 105|0x000000008a700000, 0x000000008a700000, 0x000000008a800000|  0%| F|  |TAMS 0x000000008a700000, 0x000000008a700000| Untracked 
| 106|0x000000008a800000, 0x000000008a800000, 0x000000008a900000|  0%| F|  |TAMS 0x000000008a800000, 0x000000008a800000| Untracked 
| 107|0x000000008a900000, 0x000000008a900000, 0x000000008aa00000|  0%| F|  |TAMS 0x000000008a900000, 0x000000008a900000| Untracked 
| 108|0x000000008aa00000, 0x000000008aa00000, 0x000000008ab00000|  0%| F|  |TAMS 0x000000008aa00000, 0x000000008aa00000| Untracked 
| 109|0x000000008ab00000, 0x000000008ab00000, 0x000000008ac00000|  0%| F|  |TAMS 0x000000008ab00000, 0x000000008ab00000| Untracked 
| 110|0x000000008ac00000, 0x000000008ac00000, 0x000000008ad00000|  0%| F|  |TAMS 0x000000008ac00000, 0x000000008ac00000| Untracked 
| 111|0x000000008ad00000, 0x000000008ad00000, 0x000000008ae00000|  0%| F|  |TAMS 0x000000008ad00000, 0x000000008ad00000| Untracked 
| 112|0x000000008ae00000, 0x000000008ae00000, 0x000000008af00000|  0%| F|  |TAMS 0x000000008ae00000, 0x000000008ae00000| Untracked 
| 113|0x000000008af00000, 0x000000008af00000, 0x000000008b000000|  0%| F|  |TAMS 0x000000008af00000, 0x000000008af00000| Untracked 
| 114|0x000000008b000000, 0x000000008b000000, 0x000000008b100000|  0%| F|  |TAMS 0x000000008b000000, 0x000000008b000000| Untracked 
| 115|0x000000008b100000, 0x000000008b100000, 0x000000008b200000|  0%| F|  |TAMS 0x000000008b100000, 0x000000008b100000| Untracked 
| 116|0x000000008b200000, 0x000000008b2b4a10, 0x000000008b300000| 70%| E|  |TAMS 0x000000008b200000, 0x000000008b200000| Complete 
| 117|0x000000008b300000, 0x000000008b400000, 0x000000008b400000|100%| E|CS|TAMS 0x000000008b300000, 0x000000008b300000| Complete 
| 118|0x000000008b400000, 0x000000008b500000, 0x000000008b500000|100%| E|CS|TAMS 0x000000008b400000, 0x000000008b400000| Complete 
| 119|0x000000008b500000, 0x000000008b600000, 0x000000008b600000|100%| E|CS|TAMS 0x000000008b500000, 0x000000008b500000| Complete 
| 120|0x000000008b600000, 0x000000008b700000, 0x000000008b700000|100%| E|CS|TAMS 0x000000008b600000, 0x000000008b600000| Complete 
| 121|0x000000008b700000, 0x000000008b800000, 0x000000008b800000|100%| E|CS|TAMS 0x000000008b700000, 0x000000008b700000| Complete 
| 122|0x000000008b800000, 0x000000008b900000, 0x000000008b900000|100%| E|CS|TAMS 0x000000008b800000, 0x000000008b800000| Complete 
| 123|0x000000008b900000, 0x000000008ba00000, 0x000000008ba00000|100%| E|CS|TAMS 0x000000008b900000, 0x000000008b900000| Complete 
| 124|0x000000008ba00000, 0x000000008bb00000, 0x000000008bb00000|100%| E|CS|TAMS 0x000000008ba00000, 0x000000008ba00000| Complete 
| 125|0x000000008bb00000, 0x000000008bc00000, 0x000000008bc00000|100%| E|CS|TAMS 0x000000008bb00000, 0x000000008bb00000| Complete 

Card table byte_map: [0x000001f7d7380000,0x000001f7d7770000] _byte_map_base: 0x000001f7d6f61000

Marking Bits (Prev, Next): (CMBitMap*) 0x000001f7be524e40, (CMBitMap*) 0x000001f7be524e80
 Prev Bits: [0x000001f7d7b60000, 0x000001f7d9a68000)
 Next Bits: [0x000001f7d9a70000, 0x000001f7db978000)

Polling page: 0x000001f7be5a0000

Metaspace:

Usage:
  Non-class:      9.36 MB used.
      Class:      1.16 MB used.
       Both:     10.52 MB used.

Virtual space:
  Non-class space:       16.00 MB reserved,       9.50 MB ( 59%) committed,  2 nodes.
      Class space:        1.00 GB reserved,       1.25 MB ( <1%) committed,  1 nodes.
             Both:        1.02 GB reserved,      10.75 MB (  1%) committed. 

Chunk freelists:
   Non-Class:  1.98 MB
       Class:  2.58 MB
        Both:  4.55 MB

MaxMetaspaceSize: unlimited
CompressedClassSpaceSize: 1.00 GB
Initial GC threshold: 21.00 MB
Current GC threshold: 21.00 MB
CDS: on
MetaspaceReclaimPolicy: balanced
 - commit_granule_bytes: 65536.
 - commit_granule_words: 8192.
 - virtual_space_node_default_size: 1048576.
 - enlarge_chunks_in_place: 1.
 - new_chunks_are_fully_committed: 0.
 - uncommit_free_chunks: 1.
 - use_allocation_guard: 0.
 - handle_deallocations: 1.


Internal statistics:

num_allocs_failed_limit: 0.
num_arena_births: 248.
num_arena_deaths: 0.
num_vsnodes_births: 3.
num_vsnodes_deaths: 0.
num_space_committed: 172.
num_space_uncommitted: 0.
num_chunks_returned_to_freelist: 0.
num_chunks_taken_from_freelist: 475.
num_chunk_merges: 0.
num_chunk_splits: 284.
num_chunks_enlarged: 177.
num_purges: 0.
num_inconsistent_stats: 0.

CodeHeap 'non-profiled nmethods': size=120000Kb used=571Kb max_used=571Kb free=119428Kb
 bounds [0x000001f7cf000000, 0x000001f7cf270000, 0x000001f7d6530000]
CodeHeap 'profiled nmethods': size=120000Kb used=2745Kb max_used=2745Kb free=117254Kb
 bounds [0x000001f7c7ad0000, 0x000001f7c7d80000, 0x000001f7cf000000]
CodeHeap 'non-nmethods': size=5760Kb used=1184Kb max_used=1206Kb free=4575Kb
 bounds [0x000001f7c7530000, 0x000001f7c77a0000, 0x000001f7c7ad0000]
 total_blobs=1975 nmethods=1508 adapters=379
 compilation: enabled
              stopped_count=0, restarted_count=0
 full_count=0

Compilation events (20 events):
Event: 0.972 Thread 0x000001f7de443a10 1502       3       jdk.internal.reflect.DelegatingConstructorAccessorImpl::newInstance (9 bytes)
Event: 0.972 Thread 0x000001f7de443a10 nmethod 1502 0x000001f7c7d74d10 code [0x000001f7c7d74ec0, 0x000001f7c7d75088]
Event: 0.972 Thread 0x000001f7de443a10 1503   !   3       com.intellij.rt.debugger.agent.CaptureAgent$CaptureTransformer::transform (131 bytes)
Event: 0.973 Thread 0x000001f7de443a10 nmethod 1503 0x000001f7c7d75190 code [0x000001f7c7d75500, 0x000001f7c7d76b78]
Event: 0.973 Thread 0x000001f7de443a10 1504       3       java.lang.invoke.MethodHandles$Lookup$ClassDefiner::defineClass (97 bytes)
Event: 0.974 Thread 0x000001f7de443a10 nmethod 1504 0x000001f7c7d77590 code [0x000001f7c7d77820, 0x000001f7c7d78698]
Event: 0.974 Thread 0x000001f7de443a10 1505       3       java.lang.System$2::defineClass (21 bytes)
Event: 0.975 Thread 0x000001f7de443a10 nmethod 1505 0x000001f7c7d78c90 code [0x000001f7c7d78e40, 0x000001f7c7d78fc8]
Event: 0.977 Thread 0x000001f7de443a10 1507       3       java.lang.invoke.MethodHandles$Lookup$ClassDefiner::<init> (58 bytes)
Event: 0.977 Thread 0x000001f7de443a10 nmethod 1507 0x000001f7c7d79090 code [0x000001f7c7d79240, 0x000001f7c7d794d8]
Event: 0.980 Thread 0x000001f7de443a10 1508       3       java.util.Spliterators$ArraySpliterator::estimateSize (11 bytes)
Event: 0.980 Thread 0x000001f7de443a10 nmethod 1508 0x000001f7c7d79610 code [0x000001f7c7d797a0, 0x000001f7c7d798b8]
Event: 0.980 Thread 0x000001f7de443a10 1509       3       java.lang.ThreadLocal::get (38 bytes)
Event: 0.980 Thread 0x000001f7de443a10 nmethod 1509 0x000001f7c7d79990 code [0x000001f7c7d79b60, 0x000001f7c7d79e68]
Event: 0.980 Thread 0x000001f7de443a10 1510       3       java.util.regex.Pattern::isSupplementary (21 bytes)
Event: 0.981 Thread 0x000001f7de443a10 nmethod 1510 0x000001f7c7d79f90 code [0x000001f7c7d7a140, 0x000001f7c7d7a3b8]
Event: 0.982 Thread 0x000001f7de443a10 1511   !   3       com.intellij.rt.debugger.agent.CollectionBreakpointInstrumentor$CollectionBreakpointTransformer::transform (109 bytes)
Event: 0.983 Thread 0x000001f7de443a10 nmethod 1511 0x000001f7c7d7a490 code [0x000001f7c7d7a7e0, 0x000001f7c7d7baa8]
Event: 0.983 Thread 0x000001f7de443a10 1513       3       com.intellij.rt.debugger.agent.CollectionBreakpointInstrumentor::access$1200 (4 bytes)
Event: 0.983 Thread 0x000001f7de443a10 nmethod 1513 0x000001f7c7d7c410 code [0x000001f7c7d7c5a0, 0x000001f7c7d7c698]

GC Heap History (2 events):
Event: 0.824 GC heap before
{Heap before GC invocations=0 (full 0):
 garbage-first heap   total 129024K, used 23552K [0x0000000083e00000, 0x0000000100000000)
  region size 1024K, 23 young (23552K), 0 survivors (0K)
 Metaspace       used 8658K, committed 8832K, reserved 1056768K
  class space    used 920K, committed 1024K, reserved 1048576K
}
Event: 0.830 GC heap after
{Heap after GC invocations=1 (full 0):
 garbage-first heap   total 129024K, used 5717K [0x0000000083e00000, 0x0000000100000000)
  region size 1024K, 3 young (3072K), 3 survivors (3072K)
 Metaspace       used 8658K, committed 8832K, reserved 1056768K
  class space    used 920K, committed 1024K, reserved 1048576K
}

Deoptimization events (20 events):
Event: 0.805 Thread 0x000001f7be4e3b30 Uncommon trap: trap_request=0xffffff45 fr.pc=0x000001f7cf05ea1c relative=0x000000000000015c
Event: 0.805 Thread 0x000001f7be4e3b30 Uncommon trap: reason=unstable_if action=reinterpret pc=0x000001f7cf05ea1c method=java.lang.invoke.VarHandle.checkExactAccessMode(Ljava/lang/invoke/VarHandle$AccessDescriptor;)V @ 4 c2
Event: 0.805 Thread 0x000001f7be4e3b30 DEOPT PACKING pc=0x000001f7cf05ea1c sp=0x00000064c86fe050
Event: 0.805 Thread 0x000001f7be4e3b30 DEOPT UNPACKING pc=0x000001f7c7585c23 sp=0x00000064c86fdf90 mode 2
Event: 0.937 Thread 0x000001f7be4e3b30 Uncommon trap: trap_request=0xffffffc6 fr.pc=0x000001f7cf0789fc relative=0x00000000000010dc
Event: 0.937 Thread 0x000001f7be4e3b30 Uncommon trap: reason=bimorphic_or_optimized_type_check action=maybe_recompile pc=0x000001f7cf0789fc method=java.util.HashMap.putVal(ILjava/lang/Object;Ljava/lang/Object;ZZ)Ljava/lang/Object; @ 56 c2
Event: 0.937 Thread 0x000001f7be4e3b30 DEOPT PACKING pc=0x000001f7cf0789fc sp=0x00000064c86fd000
Event: 0.937 Thread 0x000001f7be4e3b30 DEOPT UNPACKING pc=0x000001f7c7585c23 sp=0x00000064c86fcf88 mode 2
Event: 0.937 Thread 0x000001f7be4e3b30 Uncommon trap: trap_request=0xffffffc6 fr.pc=0x000001f7cf0789fc relative=0x00000000000010dc
Event: 0.937 Thread 0x000001f7be4e3b30 Uncommon trap: reason=bimorphic_or_optimized_type_check action=maybe_recompile pc=0x000001f7cf0789fc method=java.util.HashMap.putVal(ILjava/lang/Object;Ljava/lang/Object;ZZ)Ljava/lang/Object; @ 56 c2
Event: 0.937 Thread 0x000001f7be4e3b30 DEOPT PACKING pc=0x000001f7cf0789fc sp=0x00000064c86fd000
Event: 0.937 Thread 0x000001f7be4e3b30 DEOPT UNPACKING pc=0x000001f7c7585c23 sp=0x00000064c86fcf88 mode 2
Event: 0.937 Thread 0x000001f7be4e3b30 Uncommon trap: trap_request=0xffffffc6 fr.pc=0x000001f7cf0789fc relative=0x00000000000010dc
Event: 0.937 Thread 0x000001f7be4e3b30 Uncommon trap: reason=bimorphic_or_optimized_type_check action=maybe_recompile pc=0x000001f7cf0789fc method=java.util.HashMap.putVal(ILjava/lang/Object;Ljava/lang/Object;ZZ)Ljava/lang/Object; @ 56 c2
Event: 0.937 Thread 0x000001f7be4e3b30 DEOPT PACKING pc=0x000001f7cf0789fc sp=0x00000064c86fd000
Event: 0.937 Thread 0x000001f7be4e3b30 DEOPT UNPACKING pc=0x000001f7c7585c23 sp=0x00000064c86fcf88 mode 2
Event: 0.937 Thread 0x000001f7be4e3b30 Uncommon trap: trap_request=0xffffffc6 fr.pc=0x000001f7cf0789fc relative=0x00000000000010dc
Event: 0.937 Thread 0x000001f7be4e3b30 Uncommon trap: reason=bimorphic_or_optimized_type_check action=maybe_recompile pc=0x000001f7cf0789fc method=java.util.HashMap.putVal(ILjava/lang/Object;Ljava/lang/Object;ZZ)Ljava/lang/Object; @ 56 c2
Event: 0.937 Thread 0x000001f7be4e3b30 DEOPT PACKING pc=0x000001f7cf0789fc sp=0x00000064c86fd000
Event: 0.937 Thread 0x000001f7be4e3b30 DEOPT UNPACKING pc=0x000001f7c7585c23 sp=0x00000064c86fcf88 mode 2

Classes unloaded (0 events):
No events

Classes redefined (1 events):
Event: 0.168 Thread 0x000001f7de417da0 redefined class name=java.lang.Throwable, count=1

Internal exceptions (20 events):
Event: 0.742 Thread 0x000001f7be4e3b30 Exception <a 'java/lang/NoSuchMethodError'{0x000000008a8df698}: 'java.lang.Object java.lang.invoke.DirectMethodHandle$Holder.newInvokeSpecial(java.lang.Object, java.lang.Object, java.lang.Object, java.lang.Object, java.lang.Object, java.lang.Object, java.lang.Object)'> (0x000000008a8df698) 
thrown [t:\workspace\open\src\hotspot\share\interpreter\linkResolver.cpp, line 766]
Event: 0.742 Thread 0x000001f7be4e3b30 Exception <a 'java/lang/NoSuchMethodError'{0x000000008a8e4320}: 'java.lang.Object java.lang.invoke.Invokers$Holder.linkToTargetMethod(java.lang.Object, java.lang.Object, java.lang.Object, java.lang.Object, java.lang.Object, java.lang.Object, java.lang.Object)'> (0x000000008a8e4320) 
thrown [t:\workspace\open\src\hotspot\share\interpreter\linkResolver.cpp, line 766]
Event: 0.750 Thread 0x000001f7be4e3b30 Exception <a 'java/lang/NoSuchMethodError'{0x000000008a7296d0}: 'java.lang.Object java.lang.invoke.DirectMethodHandle$Holder.invokeStatic(java.lang.Object, int, java.lang.Object, java.lang.Object)'> (0x000000008a7296d0) 
thrown [t:\workspace\open\src\hotspot\share\interpreter\linkResolver.cpp, line 766]
Event: 0.750 Thread 0x000001f7be4e3b30 Exception <a 'java/lang/NoSuchMethodError'{0x000000008a730830}: 'java.lang.Object java.lang.invoke.DirectMethodHandle$Holder.newInvokeSpecial(java.lang.Object, int, java.lang.Object)'> (0x000000008a730830) 
thrown [t:\workspace\open\src\hotspot\share\interpreter\linkResolver.cpp, line 766]
Event: 0.759 Thread 0x000001f7be4e3b30 Exception <a 'java/lang/NoSuchMethodError'{0x000000008a774cd0}: 'java.lang.Object java.lang.invoke.DirectMethodHandle$Holder.newInvokeSpecial(java.lang.Object, java.lang.Object, java.lang.Object, java.lang.Object, java.lang.Object)'> (0x000000008a774cd0) 
thrown [t:\workspace\open\src\hotspot\share\interpreter\linkResolver.cpp, line 766]
Event: 0.772 Thread 0x000001f7be4e3b30 Exception <a 'java/lang/IncompatibleClassChangeError'{0x000000008a7fa890}: Found class java.lang.Object, but interface was expected> (0x000000008a7fa890) 
thrown [t:\workspace\open\src\hotspot\share\interpreter\linkResolver.cpp, line 833]
Event: 0.787 Thread 0x000001f7be4e3b30 Exception <a 'java/lang/NoSuchMethodError'{0x000000008a69ad00}: 'java.lang.Object java.lang.invoke.Invokers$Holder.linkToTargetMethod(java.lang.Object, long, java.lang.Object)'> (0x000000008a69ad00) 
thrown [t:\workspace\open\src\hotspot\share\interpreter\linkResolver.cpp, line 766]
Event: 0.789 Thread 0x000001f7be4e3b30 Exception <a 'java/lang/NoSuchMethodError'{0x000000008a6a8228}: 'java.lang.Object java.lang.invoke.DirectMethodHandle$Holder.newInvokeSpecial(java.lang.Object, java.lang.Object, int, java.lang.Object, java.lang.Object)'> (0x000000008a6a8228) 
thrown [t:\workspace\open\src\hotspot\share\interpreter\linkResolver.cpp, line 766]
Event: 0.819 Thread 0x000001f7be4e3b30 Exception <a 'java/lang/NoSuchMethodError'{0x000000008a5d4e00}: 'java.lang.Object java.lang.invoke.DirectMethodHandle$Holder.invokeStatic(java.lang.Object, java.lang.Object, java.lang.Object, int, java.lang.Object, java.lang.Object)'> (0x000000008a5d4e00) 
thrown [t:\workspace\open\src\hotspot\share\interpreter\linkResolver.cpp, line 766]
Event: 0.820 Thread 0x000001f7be4e3b30 Exception <a 'java/lang/NoSuchMethodError'{0x000000008a5dd360}: 'java.lang.Object java.lang.invoke.DirectMethodHandle$Holder.newInvokeSpecial(java.lang.Object, java.lang.Object, java.lang.Object, int, java.lang.Object)'> (0x000000008a5dd360) 
thrown [t:\workspace\open\src\hotspot\share\interpreter\linkResolver.cpp, line 766]
Event: 0.821 Thread 0x000001f7be4e3b30 Exception <a 'java/lang/NoSuchMethodError'{0x000000008a5e4d50}: 'java.lang.Object java.lang.invoke.Invokers$Holder.linkToTargetMethod(java.lang.Object, java.lang.Object, int, java.lang.Object, java.lang.Object)'> (0x000000008a5e4d50) 
thrown [t:\workspace\open\src\hotspot\share\interpreter\linkResolver.cpp, line 766]
Event: 0.868 Thread 0x000001f7be4e3b30 Exception <a 'java/lang/NoSuchMethodError'{0x000000008baaef78}: 'void java.lang.invoke.DirectMethodHandle$Holder.invokeInterface(java.lang.Object, java.lang.Object)'> (0x000000008baaef78) 
thrown [t:\workspace\open\src\hotspot\share\interpreter\linkResolver.cpp, line 766]
Event: 0.877 Thread 0x000001f7be4e3b30 Exception <a 'java/lang/NoSuchMethodError'{0x000000008baf79b8}: 'int java.lang.invoke.DirectMethodHandle$Holder.invokeInterface(java.lang.Object, java.lang.Object)'> (0x000000008baf79b8) 
thrown [t:\workspace\open\src\hotspot\share\interpreter\linkResolver.cpp, line 766]
Event: 0.877 Thread 0x000001f7be4e3b30 Exception <a 'java/lang/IncompatibleClassChangeError'{0x000000008bafaf68}: Found class java.lang.Object, but interface was expected> (0x000000008bafaf68) 
thrown [t:\workspace\open\src\hotspot\share\interpreter\linkResolver.cpp, line 833]
Event: 0.895 Thread 0x000001f7be4e3b30 Exception <a 'java/lang/NoSuchMethodError'{0x000000008b9bcb50}: 'java.lang.Object java.lang.invoke.DirectMethodHandle$Holder.invokeVirtual(java.lang.Object, java.lang.Object, java.lang.Object)'> (0x000000008b9bcb50) 
thrown [t:\workspace\open\src\hotspot\share\interpreter\linkResolver.cpp, line 766]
Event: 0.913 Thread 0x000001f7be4e3b30 Exception <a 'java/lang/NoSuchMethodError'{0x000000008b862570}: 'java.lang.Object java.lang.invoke.DirectMethodHandle$Holder.invokeInterface(java.lang.Object, java.lang.Object, java.lang.Object)'> (0x000000008b862570) 
thrown [t:\workspace\open\src\hotspot\share\interpreter\linkResolver.cpp, line 766]
Event: 0.916 Thread 0x000001f7be4e3b30 Exception <a 'java/lang/NoSuchMethodError'{0x000000008b87f968}: 'java.lang.Object java.lang.invoke.DirectMethodHandle$Holder.invokeSpecialIFC(java.lang.Object, java.lang.Object, java.lang.Object, java.lang.Object)'> (0x000000008b87f968) 
thrown [t:\workspace\open\src\hotspot\share\interpreter\linkResolver.cpp, line 766]
Event: 0.919 Thread 0x000001f7be4e3b30 Exception <a 'java/lang/NoSuchMethodError'{0x000000008b8a70c8}: 'void java.lang.invoke.DirectMethodHandle$Holder.invokeStatic(java.lang.Object, java.lang.Object, java.lang.Object)'> (0x000000008b8a70c8) 
thrown [t:\workspace\open\src\hotspot\share\interpreter\linkResolver.cpp, line 766]
Event: 0.934 Thread 0x000001f7be4e3b30 Exception <a 'java/lang/NoSuchMethodError'{0x000000008b732278}: 'int java.lang.invoke.DirectMethodHandle$Holder.invokeSpecialIFC(java.lang.Object, java.lang.Object, java.lang.Object, java.lang.Object, java.lang.Object)'> (0x000000008b732278) 
thrown [t:\workspace\open\src\hotspot\share\interpreter\linkResolver.cpp, line 766]
Event: 0.981 Thread 0x000001f7be4e3b30 Exception <a 'sun/nio/fs/WindowsException'{0x000000008b51a328}> (0x000000008b51a328) 
thrown [t:\workspace\open\src\hotspot\share\prims\jni.cpp, line 516]

VM Operations (20 events):
Event: 0.457 Executing VM operation: HandshakeAllThreads
Event: 0.457 Executing VM operation: HandshakeAllThreads done
Event: 0.492 Executing VM operation: HandshakeAllThreads
Event: 0.492 Executing VM operation: HandshakeAllThreads done
Event: 0.528 Executing VM operation: HandshakeAllThreads
Event: 0.528 Executing VM operation: HandshakeAllThreads done
Event: 0.623 Executing VM operation: HandshakeAllThreads
Event: 0.623 Executing VM operation: HandshakeAllThreads done
Event: 0.623 Executing VM operation: HandshakeAllThreads
Event: 0.623 Executing VM operation: HandshakeAllThreads done
Event: 0.824 Executing VM operation: HandshakeAllThreads
Event: 0.824 Executing VM operation: HandshakeAllThreads done
Event: 0.824 Executing VM operation: G1CollectForAllocation
Event: 0.830 Executing VM operation: G1CollectForAllocation done
Event: 0.892 Executing VM operation: HandshakeAllThreads
Event: 0.892 Executing VM operation: HandshakeAllThreads done
Event: 0.955 Executing VM operation: HandshakeAllThreads
Event: 0.955 Executing VM operation: HandshakeAllThreads done
Event: 0.975 Executing VM operation: HandshakeAllThreads
Event: 0.975 Executing VM operation: HandshakeAllThreads done

Events (20 events):
Event: 0.982 loading class io/cucumber/htmlformatter/MessagesToHtmlWriter
Event: 0.982 loading class io/cucumber/htmlformatter/MessagesToHtmlWriter done
Event: 0.983 loading class io/cucumber/htmlformatter/JsonInHtmlWriter
Event: 0.983 loading class io/cucumber/htmlformatter/JsonInHtmlWriter done
Event: 0.983 loading class io/cucumber/core/plugin/Jackson
Event: 0.983 loading class io/cucumber/core/plugin/Jackson done
Event: 0.983 loading class io/cucumber/core/internal/com/fasterxml/jackson/databind/Module
Event: 0.983 loading class io/cucumber/core/internal/com/fasterxml/jackson/databind/Module done
Event: 0.984 loading class io/cucumber/core/internal/com/fasterxml/jackson/core/Versioned
Event: 0.984 loading class io/cucumber/core/internal/com/fasterxml/jackson/core/Versioned done
Event: 0.984 loading class io/cucumber/core/internal/com/fasterxml/jackson/datatype/jdk8/Jdk8Module
Event: 0.984 loading class io/cucumber/core/internal/com/fasterxml/jackson/datatype/jdk8/Jdk8Module done
Event: 0.985 loading class io/cucumber/core/internal/com/fasterxml/jackson/databind/json/JsonMapper
Event: 0.985 loading class io/cucumber/core/internal/com/fasterxml/jackson/databind/json/JsonMapper done
Event: 0.986 loading class io/cucumber/core/internal/com/fasterxml/jackson/databind/ObjectMapper
Event: 0.986 loading class io/cucumber/core/internal/com/fasterxml/jackson/databind/ObjectMapper done
Event: 0.988 loading class io/cucumber/core/internal/com/fasterxml/jackson/core/ObjectCodec
Event: 0.988 loading class io/cucumber/core/internal/com/fasterxml/jackson/core/ObjectCodec done
Event: 0.989 loading class io/cucumber/core/internal/com/fasterxml/jackson/core/TreeCodec
Event: 0.989 loading class io/cucumber/core/internal/com/fasterxml/jackson/core/TreeCodec done


Dynamic libraries:
0x00007ff617af0000 - 0x00007ff617b00000 	C:\Program Files\Java\jdk-17.0.2\bin\java.exe
0x00007ffc790f0000 - 0x00007ffc79307000 	C:\WINDOWS\SYSTEM32\ntdll.dll
0x00007ffc77d70000 - 0x00007ffc77e34000 	C:\WINDOWS\System32\KERNEL32.DLL
0x00007ffc76640000 - 0x00007ffc769fa000 	C:\WINDOWS\System32\KERNELBASE.dll
0x00007ffc763b0000 - 0x00007ffc764c1000 	C:\WINDOWS\System32\ucrtbase.dll
0x00007ffc57550000 - 0x00007ffc57568000 	C:\Program Files\Java\jdk-17.0.2\bin\jli.dll
0x00007ffc557a0000 - 0x00007ffc557ba000 	C:\Program Files\Java\jdk-17.0.2\bin\VCRUNTIME140.dll
0x00007ffc782b0000 - 0x00007ffc78362000 	C:\WINDOWS\System32\ADVAPI32.dll
0x00007ffc781f0000 - 0x00007ffc78297000 	C:\WINDOWS\System32\msvcrt.dll
0x00007ffc772a0000 - 0x00007ffc77347000 	C:\WINDOWS\System32\sechost.dll
0x00007ffc76af0000 - 0x00007ffc76b18000 	C:\WINDOWS\System32\bcrypt.dll
0x00007ffc76ee0000 - 0x00007ffc76ff4000 	C:\WINDOWS\System32\RPCRT4.dll
0x00007ffc784d0000 - 0x00007ffc7867e000 	C:\WINDOWS\System32\USER32.dll
0x00007ffc76ac0000 - 0x00007ffc76ae6000 	C:\WINDOWS\System32\win32u.dll
0x00007ffc774c0000 - 0x00007ffc774e9000 	C:\WINDOWS\System32\GDI32.dll
0x00007ffc5b600000 - 0x00007ffc5b892000 	C:\WINDOWS\WinSxS\amd64_microsoft.windows.common-controls_6595b64144ccf1df_6.0.22621.4541_none_2710d1c57384c085\COMCTL32.dll
0x00007ffc76ba0000 - 0x00007ffc76cbb000 	C:\WINDOWS\System32\gdi32full.dll
0x00007ffc76d40000 - 0x00007ffc76dda000 	C:\WINDOWS\System32\msvcp_win.dll
0x00007ffc6f560000 - 0x00007ffc6f56a000 	C:\WINDOWS\SYSTEM32\VERSION.dll
0x00007ffc77260000 - 0x00007ffc77291000 	C:\WINDOWS\System32\IMM32.DLL
0x00007ffc59bc0000 - 0x00007ffc59bcc000 	C:\Program Files\Java\jdk-17.0.2\bin\vcruntime140_1.dll
0x00007ffc222c0000 - 0x00007ffc2234d000 	C:\Program Files\Java\jdk-17.0.2\bin\msvcp140.dll
0x00007ffbff980000 - 0x00007ffc00541000 	C:\Program Files\Java\jdk-17.0.2\bin\server\jvm.dll
0x00007ffc782a0000 - 0x00007ffc782a8000 	C:\WINDOWS\System32\PSAPI.DLL
0x00007ffc57540000 - 0x00007ffc57549000 	C:\WINDOWS\SYSTEM32\WSOCK32.dll
0x00007ffc773e0000 - 0x00007ffc77451000 	C:\WINDOWS\System32\WS2_32.dll
0x00007ffc71980000 - 0x00007ffc719b4000 	C:\WINDOWS\SYSTEM32\WINMM.dll
0x00007ffc754a0000 - 0x00007ffc754b8000 	C:\WINDOWS\SYSTEM32\kernel.appcore.dll
0x00007ffc53610000 - 0x00007ffc5361a000 	C:\Program Files\Java\jdk-17.0.2\bin\jimage.dll
0x00007ffc73bb0000 - 0x00007ffc73de2000 	C:\WINDOWS\SYSTEM32\DBGHELP.DLL
0x00007ffc78890000 - 0x00007ffc78c21000 	C:\WINDOWS\System32\combase.dll
0x00007ffc78010000 - 0x00007ffc780e7000 	C:\WINDOWS\System32\OLEAUT32.dll
0x00007ffc53e20000 - 0x00007ffc53e52000 	C:\WINDOWS\SYSTEM32\dbgcore.DLL
0x00007ffc76b20000 - 0x00007ffc76b9b000 	C:\WINDOWS\System32\bcryptPrimitives.dll
0x00007ffc6b740000 - 0x00007ffc6b74e000 	C:\Program Files\Java\jdk-17.0.2\bin\instrument.dll
0x00007ffc52ca0000 - 0x00007ffc52cc5000 	C:\Program Files\Java\jdk-17.0.2\bin\java.dll
0x00007ffc469e0000 - 0x00007ffc469f8000 	C:\Program Files\Java\jdk-17.0.2\bin\zip.dll
0x00007ffc21900000 - 0x00007ffc219d6000 	C:\Program Files\Java\jdk-17.0.2\bin\jsvml.dll
0x00007ffc774f0000 - 0x00007ffc77d69000 	C:\WINDOWS\System32\SHELL32.dll
0x00007ffc742b0000 - 0x00007ffc74bb9000 	C:\WINDOWS\SYSTEM32\windows.storage.dll
0x00007ffc74170000 - 0x00007ffc742af000 	C:\WINDOWS\SYSTEM32\wintypes.dll
0x00007ffc78380000 - 0x00007ffc7847a000 	C:\WINDOWS\System32\SHCORE.dll
0x00007ffc77460000 - 0x00007ffc774be000 	C:\WINDOWS\System32\shlwapi.dll
0x00007ffc762e0000 - 0x00007ffc7630b000 	C:\WINDOWS\SYSTEM32\profapi.dll
0x00007ffc529b0000 - 0x00007ffc529c9000 	C:\Program Files\Java\jdk-17.0.2\bin\net.dll
0x00007ffc72b60000 - 0x00007ffc72c96000 	C:\WINDOWS\SYSTEM32\WINHTTP.dll
0x00007ffc75920000 - 0x00007ffc75989000 	C:\WINDOWS\system32\mswsock.dll
0x00007ffc52950000 - 0x00007ffc52966000 	C:\Program Files\Java\jdk-17.0.2\bin\nio.dll
0x00007ffc60dd0000 - 0x00007ffc60dea000 	D:\Document\IntelliJ IDEA\IntelliJ IDEA Community Edition 2024.3.1.1\bin\breakgen64.dll
0x00007ffc52940000 - 0x00007ffc52950000 	C:\Program Files\Java\jdk-17.0.2\bin\verify.dll
0x00007ffc75b30000 - 0x00007ffc75b4b000 	C:\WINDOWS\SYSTEM32\CRYPTSP.dll
0x00007ffc75400000 - 0x00007ffc75435000 	C:\WINDOWS\system32\rsaenh.dll
0x00007ffc759c0000 - 0x00007ffc759e8000 	C:\WINDOWS\SYSTEM32\USERENV.dll
0x00007ffc75b20000 - 0x00007ffc75b2c000 	C:\WINDOWS\SYSTEM32\CRYPTBASE.dll
0x00007ffc74e90000 - 0x00007ffc74ebd000 	C:\WINDOWS\SYSTEM32\IPHLPAPI.DLL
0x00007ffc78370000 - 0x00007ffc78379000 	C:\WINDOWS\System32\NSI.dll
0x00007ffc71bd0000 - 0x00007ffc71be9000 	C:\WINDOWS\SYSTEM32\dhcpcsvc6.DLL
0x00007ffc71bb0000 - 0x00007ffc71bcf000 	C:\WINDOWS\SYSTEM32\dhcpcsvc.DLL
0x00007ffc74f00000 - 0x00007ffc75002000 	C:\WINDOWS\SYSTEM32\DNSAPI.dll

dbghelp: loaded successfully - version: 4.0.5 - missing functions: none
symbol engine: initialized successfully - sym options: 0x614 - pdb path: .;C:\Program Files\Java\jdk-17.0.2\bin;C:\WINDOWS\SYSTEM32;C:\WINDOWS\WinSxS\amd64_microsoft.windows.common-controls_6595b64144ccf1df_6.0.22621.4541_none_2710d1c57384c085;C:\Program Files\Java\jdk-17.0.2\bin\server;D:\Document\IntelliJ IDEA\IntelliJ IDEA Community Edition 2024.3.1.1\bin

VM Arguments:
jvm_args: -ea -Didea.test.cyclic.buffer.size=1048576 -javaagent:D:\Document\IntelliJ IDEA\IntelliJ IDEA Community Edition 2024.3.1.1\lib\idea_rt.jar=55338:D:\Document\IntelliJ IDEA\IntelliJ IDEA Community Edition 2024.3.1.1\bin -javaagent:C:\Users\diana\AppData\Local\JetBrains\IdeaIC2024.3\captureAgent\debugger-agent.jar -Dkotlinx.coroutines.debug.enable.creation.stack.trace=false -Ddebugger.agent.enable.coroutines=true -Dkotlinx.coroutines.debug.enable.flows.stack.trace=true -Dkotlinx.coroutines.debug.enable.mutable.state.flows.stack.trace=true -Dfile.encoding=UTF-8 
java_command: com.intellij.rt.testng.RemoteTestNGStarter -usedefaultlisteners false -socket55337 @w@C:\Users\diana\AppData\Local\Temp\idea_working_dirs_testng.tmp -temp C:\Users\diana\AppData\Local\Temp\idea_testng.tmp
java_class_path (initial): D:\Document\IntelliJ IDEA\IntelliJ IDEA Community Edition 2024.3.1.1\lib\idea_rt.jar;D:\Document\IntelliJ IDEA\IntelliJ IDEA Community Edition 2024.3.1.1\plugins\testng\lib\testng-rt.jar;D:\Document\IntelliJ IDEA\Higo.id\target\test-classes;D:\Document\IntelliJ IDEA\Higo.id\target\classes;C:\Users\diana\.m2\repository\org\seleniumhq\selenium\selenium-java\4.28.1\selenium-java-4.28.1.jar;C:\Users\diana\.m2\repository\org\seleniumhq\selenium\selenium-api\4.28.1\selenium-api-4.28.1.jar;C:\Users\diana\.m2\repository\org\jspecify\jspecify\1.0.0\jspecify-1.0.0.jar;C:\Users\diana\.m2\repository\org\seleniumhq\selenium\selenium-chrome-driver\4.28.1\selenium-chrome-driver-4.28.1.jar;C:\Users\diana\.m2\repository\com\google\auto\service\auto-service-annotations\1.1.1\auto-service-annotations-1.1.1.jar;C:\Users\diana\.m2\repository\org\seleniumhq\selenium\selenium-chromium-driver\4.28.1\selenium-chromium-driver-4.28.1.jar;C:\Users\diana\.m2\repository\org\seleniumhq\selenium\selenium-json\4.28.1\selenium-json-4.28.1.jar;C:\Users\diana\.m2\repository\org\seleniumhq\selenium\selenium-manager\4.28.1\selenium-manager-4.28.1.jar;C:\Users\diana\.m2\repository\org\seleniumhq\selenium\selenium-devtools-v130\4.28.1\selenium-devtools-v130-4.28.1.jar;C:\Users\diana\.m2\repository\org\seleniumhq\selenium\selenium-devtools-v131\4.28.1\selenium-devtools-v131-4.28.1.jar;C:\Users\diana\.m2\repository\org\seleniumhq\selenium\selenium-devtools-v132\4.28.1\selenium-devtools-v132-4.28.1.jar;C:\Users\diana\.m2\repository\org\seleniumhq\selenium\selenium-devtools-v85\4.28.1\selenium-devtools-v85-4.28.1.jar;C:\Users\diana\.m2\repository\org\seleniumhq\selenium\selenium-edge-driver\4.28.1\selenium-edge-driver-4.28.1.jar;C:\Users\diana\.m2\repository\org\seleniumhq\selenium\selenium-firefox-driver\4.28.1\selenium-firefox-driver-4.28.1.jar;C:\Users\diana\.m2\repository\org\seleniumhq\selenium\selenium-http\4.28.1\selenium-http-4.28.1.jar;C:\Users\diana\.m2\repository\org\se
Launcher Type: SUN_STANDARD

[Global flags]
     intx CICompilerCount                          = 4                                         {product} {ergonomic}
     uint ConcGCThreads                            = 2                                         {product} {ergonomic}
     uint G1ConcRefinementThreads                  = 8                                         {product} {ergonomic}
   size_t G1HeapRegionSize                         = 1048576                                   {product} {ergonomic}
    uintx GCDrainStackTargetSize                   = 64                                        {product} {ergonomic}
   size_t InitialHeapSize                          = 132120576                                 {product} {ergonomic}
   size_t MarkStackSize                            = 4194304                                   {product} {ergonomic}
   size_t MaxHeapSize                              = 2082471936                                {product} {ergonomic}
   size_t MaxNewSize                               = 1248854016                                {product} {ergonomic}
   size_t MinHeapDeltaBytes                        = 1048576                                   {product} {ergonomic}
   size_t MinHeapSize                              = 8388608                                   {product} {ergonomic}
    uintx NonNMethodCodeHeapSize                   = 5839372                                {pd product} {ergonomic}
    uintx NonProfiledCodeHeapSize                  = 122909434                              {pd product} {ergonomic}
    uintx ProfiledCodeHeapSize                     = 122909434                              {pd product} {ergonomic}
    uintx ReservedCodeCacheSize                    = 251658240                              {pd product} {ergonomic}
     bool SegmentedCodeCache                       = true                                      {product} {ergonomic}
   size_t SoftMaxHeapSize                          = 2082471936                             {manageable} {ergonomic}
     bool UseCompressedClassPointers               = true                           {product lp64_product} {ergonomic}
     bool UseCompressedOops                        = true                           {product lp64_product} {ergonomic}
     bool UseG1GC                                  = true                                      {product} {ergonomic}
     bool UseLargePagesIndividualAllocation        = false                                  {pd product} {ergonomic}

Logging:
Log output configuration:
 #0: stdout all=warning uptime,level,tags
 #1: stderr all=off uptime,level,tags

Environment Variables:
JAVA_HOME=C:\Program Files\Java\jdk-17.0.2
PATH=C:\Program Files\Common Files\Oracle\Java\javapath;C:\windows\system32;C:\windows;C:\windows\System32\Wbem;C:\windows\System32\WindowsPowerShell\v1.0\;C:\windows\System32\OpenSSH\;C:\Program Files (x86)\NVIDIA Corporation\PhysX\Common;C:\Program Files\NVIDIA Corporation\NVIDIA NvDLISR;C:\Program Files\Java\jdk-17.0.2\bin;C:\Program Files\Git\cmd;C:\WINDOWS\system32;C:\WINDOWS;C:\WINDOWS\System32\Wbem;C:\WINDOWS\System32\WindowsPowerShell\v1.0\;C:\WINDOWS\System32\OpenSSH\;C:\Program Files\HP\HP One Agent;D:\Document\PostgreSQL16\bin;C:\Program Files\Docker\Docker\resources\bin;D:\Document\Maven\apache-maven-3.9.9\bin;C:\Users\diana\AppData\Local\Programs\Python\Python312\Scripts\;C:\Users\diana\AppData\Local\Programs\Python\Python312\;C:\Users\diana\anaconda3;C:\Users\diana\anaconda3\Library\mingw-w64\bin;C:\Users\diana\anaconda3\Library\usr\bin;C:\Users\diana\anaconda3\Library\bin;C:\Users\diana\anaconda3\Scripts;C:\Users\diana\AppData\Local\Programs\Python\Python39\Scripts\;C:\Users\diana\AppData\Local\Programs\Python\Python39\;C:\Users\diana\AppData\Local\Microsoft\WindowsApps;D:\Document\Pycharm\PyCharm Community Edition 2022.2\bin;;C:\Users\diana\AppData\Local\Programs\Microsoft VS Code\bin;C:\MinGW\bin;;D:\Document\IntelliJ IDEA\IntelliJ IDEA Community Edition 2024.3.1.1\bin;
USERNAME=diana
OS=Windows_NT
PROCESSOR_IDENTIFIER=Intel64 Family 6 Model 140 Stepping 1, GenuineIntel



---------------  S Y S T E M  ---------------

OS:
 Windows 11 , 64 bit Build 22621 (10.0.22621.4391)
OS uptime: 6 days 11:15 hours
Hyper-V role detected

CPU: total 8 (initial active 8) (4 cores per cpu, 2 threads per core) family 6 model 140 stepping 1 microcode 0xa4, cx8, cmov, fxsr, ht, mmx, 3dnowpref, sse, sse2, sse3, ssse3, sse4.1, sse4.2, popcnt, lzcnt, tsc, tscinvbit, avx, avx2, aes, erms, clmul, bmi1, bmi2, adx, avx512f, avx512dq, avx512cd, avx512bw, avx512vl, sha, fma, vzeroupper, avx512_vpopcntdq, avx512_vpclmulqdq, avx512_vaes, avx512_vnni, clflush, clflushopt, clwb, avx512_vbmi2, avx512_vbmi, hv

Memory: 4k page, system-wide physical 7937M (470M free)
TotalPageFile size 17407M (AvailPageFile size 5M)
current process WorkingSet (physical memory assigned to process): 106M, peak: 106M
current process commit charge ("private bytes"): 251M, peak: 251M

vm_info: Java HotSpot(TM) 64-Bit Server VM (17.0.2+8-LTS-86) for windows-amd64 JRE (17.0.2+8-LTS-86), built on Dec  7 2021 21:51:03 by "mach5one" with MS VC++ 16.8 / 16.9 (VS2019)

END.
